[2020-02-07 12:05:42.925] [exthost] [info] extension host started
[2020-02-07 12:05:44.162] [exthost] [info] ExtensionService#_doActivateExtension vscode.configuration-editing {"startup":false,"extensionId":{"value":"vscode.configuration-editing","_lower":"vscode.configuration-editing"},"activationEvent":"onLanguage:json"}
[2020-02-07 12:05:44.236] [exthost] [info] ExtensionService#loadCommonJSModule file:///snap/code/24/usr/share/code/resources/app/extensions/configuration-editing/dist/extension
[2020-02-07 12:05:44.423] [exthost] [info] ExtensionService#_doActivateExtension vscode.extension-editing {"startup":false,"extensionId":{"value":"vscode.extension-editing","_lower":"vscode.extension-editing"},"activationEvent":"onLanguage:json"}
[2020-02-07 12:05:44.454] [exthost] [info] ExtensionService#loadCommonJSModule file:///snap/code/24/usr/share/code/resources/app/extensions/extension-editing/dist/extension
[2020-02-07 12:05:44.890] [exthost] [info] ExtensionService#_doActivateExtension vscode.json-language-features {"startup":false,"extensionId":{"value":"vscode.json-language-features","_lower":"vscode.json-language-features"},"activationEvent":"onLanguage:json"}
[2020-02-07 12:05:44.894] [exthost] [info] ExtensionService#loadCommonJSModule file:///snap/code/24/usr/share/code/resources/app/extensions/json-language-features/client/dist/jsonMain
[2020-02-07 12:05:45.440] [exthost] [info] ExtensionService#_doActivateExtension vscode.npm {"startup":false,"extensionId":{"value":"vscode.npm","_lower":"vscode.npm"},"activationEvent":"onLanguage:json"}
[2020-02-07 12:05:45.476] [exthost] [info] ExtensionService#loadCommonJSModule file:///snap/code/24/usr/share/code/resources/app/extensions/npm/dist/main
[2020-02-07 12:05:45.863] [exthost] [info] ExtensionService#_doActivateExtension vscode.typescript-language-features {"startup":false,"extensionId":{"value":"vscode.typescript-language-features","_lower":"vscode.typescript-language-features"},"activationEvent":"onLanguage:typescript"}
[2020-02-07 12:05:45.920] [exthost] [info] ExtensionService#loadCommonJSModule file:///snap/code/24/usr/share/code/resources/app/extensions/typescript-language-features/dist/extension
[2020-02-07 12:05:46.753] [exthost] [info] ExtensionService#_doActivateExtension vscode.debug-auto-launch {"startup":true,"extensionId":{"value":"vscode.debug-auto-launch","_lower":"vscode.debug-auto-launch"},"activationEvent":"*"}
[2020-02-07 12:05:46.766] [exthost] [info] ExtensionService#loadCommonJSModule file:///snap/code/24/usr/share/code/resources/app/extensions/debug-auto-launch/dist/extension
[2020-02-07 12:05:46.785] [exthost] [info] ExtensionService#_doActivateExtension vscode.emmet {"startup":true,"extensionId":{"value":"vscode.emmet","_lower":"vscode.emmet"},"activationEvent":"*"}
[2020-02-07 12:05:46.794] [exthost] [info] ExtensionService#loadCommonJSModule file:///snap/code/24/usr/share/code/resources/app/extensions/emmet/dist/extension
[2020-02-07 12:05:47.149] [exthost] [info] ExtensionService#_doActivateExtension vscode.git {"startup":true,"extensionId":{"value":"vscode.git","_lower":"vscode.git"},"activationEvent":"*"}
[2020-02-07 12:05:47.150] [exthost] [info] ExtensionService#loadCommonJSModule file:///snap/code/24/usr/share/code/resources/app/extensions/git/dist/main
[2020-02-07 12:05:47.944] [exthost] [info] ExtensionService#_doActivateExtension vscode.merge-conflict {"startup":true,"extensionId":{"value":"vscode.merge-conflict","_lower":"vscode.merge-conflict"},"activationEvent":"*"}
[2020-02-07 12:05:47.960] [exthost] [info] ExtensionService#loadCommonJSModule file:///snap/code/24/usr/share/code/resources/app/extensions/merge-conflict/dist/extension
[2020-02-07 12:05:47.994] [exthost] [info] ExtensionService#_doActivateExtension vscode.search-result {"startup":true,"extensionId":{"value":"vscode.search-result","_lower":"vscode.search-result"},"activationEvent":"*"}
[2020-02-07 12:05:47.999] [exthost] [info] ExtensionService#loadCommonJSModule file:///snap/code/24/usr/share/code/resources/app/extensions/search-result/dist/extension.js
[2020-02-07 12:05:48.013] [exthost] [info] ExtensionService#_doActivateExtension vscode.vscode-account {"startup":true,"extensionId":{"value":"vscode.vscode-account","_lower":"vscode.vscode-account"},"activationEvent":"*"}
[2020-02-07 12:05:48.014] [exthost] [info] ExtensionService#loadCommonJSModule file:///snap/code/24/usr/share/code/resources/app/extensions/vscode-account/dist/extension.js
[2020-02-07 12:05:48.402] [exthost] [info] eager extensions activated
[2020-02-07 12:06:01.509] [exthost] [info] ExtensionService#_doActivateExtension vscode.markdown-language-features {"startup":false,"extensionId":{"value":"vscode.markdown-language-features","_lower":"vscode.markdown-language-features"},"activationEvent":"onCommand:markdown.showPreview"}
[2020-02-07 12:06:01.509] [exthost] [info] ExtensionService#loadCommonJSModule file:///snap/code/24/usr/share/code/resources/app/extensions/markdown-language-features/dist/extension
[2020-02-07 12:07:08.703] [exthost] [info] ExtensionService#_doActivateExtension ms-vscode.cpptools {"startup":false,"extensionId":{"value":"ms-vscode.cpptools","_lower":"ms-vscode.cpptools"},"activationEvent":"onLanguage:c"}
[2020-02-07 12:07:08.706] [exthost] [info] ExtensionService#loadCommonJSModule file:///root/.vscode/extensions/ms-vscode.cpptools-0.26.3/dist/main
[2020-02-10 13:57:58.298] [exthost] [warning] TextEditor is closed/disposed
[2020-02-10 13:57:58.306] [exthost] [warning] TextEditor is closed/disposed
[2020-02-10 13:57:58.306] [exthost] [warning] TextEditor is closed/disposed
[2020-02-10 13:57:59.110] [exthost] [warning] TextEditor is closed/disposed
[2020-02-10 13:57:59.110] [exthost] [warning] TextEditor is closed/disposed
[2020-02-10 13:57:59.113] [exthost] [warning] TextEditor is closed/disposed
[2020-02-10 13:57:59.113] [exthost] [warning] TextEditor is closed/disposed
[2020-02-10 13:57:59.113] [exthost] [warning] TextEditor is closed/disposed
[2020-02-10 13:57:59.113] [exthost] [warning] TextEditor is closed/disposed
[2020-02-10 13:57:59.113] [exthost] [warning] TextEditor is closed/disposed
[2020-02-10 13:57:59.113] [exthost] [warning] TextEditor is closed/disposed
[2020-02-10 13:57:59.113] [exthost] [warning] TextEditor is closed/disposed
[2020-02-10 13:57:59.760] [exthost] [warning] TextEditor is closed/disposed
[2020-02-10 13:57:59.765] [exthost] [warning] TextEditor is closed/disposed
[2020-02-10 13:57:59.765] [exthost] [warning] TextEditor is closed/disposed
[2020-02-10 13:57:59.765] [exthost] [warning] TextEditor is closed/disposed
[2020-02-13 15:20:03.566] [exthost] [warning] TextEditor is closed/disposed
[2020-02-13 15:20:03.566] [exthost] [warning] TextEditor is closed/disposed
[2020-02-13 15:20:03.567] [exthost] [warning] TextEditor is closed/disposed
[2020-02-13 15:20:03.567] [exthost] [warning] TextEditor is closed/disposed
[2020-02-13 15:20:03.567] [exthost] [warning] TextEditor is closed/disposed
[2020-02-13 15:20:03.567] [exthost] [warning] TextEditor is closed/disposed
[2020-02-13 15:20:03.569] [exthost] [warning] TextEditor is closed/disposed
[2020-02-13 15:20:03.569] [exthost] [warning] TextEditor is closed/disposed
[2020-02-13 15:20:03.569] [exthost] [warning] TextEditor is closed/disposed
[2020-02-13 15:20:03.569] [exthost] [warning] TextEditor is closed/disposed
[2020-02-13 15:20:03.570] [exthost] [warning] TextEditor is closed/disposed
[2020-02-13 15:20:03.570] [exthost] [warning] TextEditor is closed/disposed
[2020-02-13 15:20:44.454] [exthost] [warning] TextEditor is closed/disposed
[2020-02-13 15:20:44.454] [exthost] [warning] TextEditor is closed/disposed
[2020-02-13 15:20:44.454] [exthost] [warning] TextEditor is closed/disposed
[2020-02-13 15:20:44.454] [exthost] [warning] TextEditor is closed/disposed
[2020-02-13 15:20:44.457] [exthost] [warning] TextEditor is closed/disposed
[2020-02-13 15:20:44.457] [exthost] [warning] TextEditor is closed/disposed
[2020-02-13 15:20:44.457] [exthost] [warning] TextEditor is closed/disposed
[2020-02-13 15:20:44.457] [exthost] [warning] TextEditor is closed/disposed
[2020-02-13 15:20:44.457] [exthost] [warning] TextEditor is closed/disposed
[2020-02-13 15:20:44.457] [exthost] [warning] TextEditor is closed/disposed
[2020-02-13 15:20:44.457] [exthost] [warning] TextEditor is closed/disposed
[2020-02-13 15:20:44.457] [exthost] [warning] TextEditor is closed/disposed
[2020-02-13 15:20:44.457] [exthost] [warning] TextEditor is closed/disposed
[2020-02-13 15:20:44.457] [exthost] [warning] TextEditor is closed/disposed
[2020-02-13 15:20:44.457] [exthost] [warning] TextEditor is closed/disposed
[2020-02-13 15:20:44.457] [exthost] [warning] TextEditor is closed/disposed
[2020-02-13 15:20:44.457] [exthost] [warning] TextEditor is closed/disposed
[2020-02-13 15:20:44.457] [exthost] [warning] TextEditor is closed/disposed
[2020-02-13 15:20:44.457] [exthost] [warning] TextEditor is closed/disposed
[2020-02-13 15:20:44.457] [exthost] [warning] TextEditor is closed/disposed
